[INFO] Scanning for projects...
[INFO] 
[INFO] ----------------------< com.foreignlang:backend >-----------------------
[INFO] Building ForeignLang 0.0.1-SNAPSHOT
[INFO]   from pom.xml
[INFO] --------------------------------[ jar ]---------------------------------
[INFO] 
[INFO] >>> spring-boot:3.2.2:run (default-cli) > test-compile @ backend >>>
[INFO] 
[INFO] --- resources:3.3.1:resources (default-resources) @ backend ---
[INFO] Copying 1 resource from src\main\resources to target\classes
[INFO] Copying 6 resources from src\main\resources to target\classes
[INFO] 
[INFO] --- compiler:3.11.0:compile (default-compile) @ backend ---
[INFO] Nothing to compile - all classes are up to date
[INFO] 
[INFO] --- resources:3.3.1:testResources (default-testResources) @ backend ---
[INFO] skip non existing resourceDirectory C:\Users\LeTran\FPT University\2026_SPRING\EXE101\ForeignLang\src\test\resources
[INFO] 
[INFO] --- compiler:3.11.0:testCompile (default-testCompile) @ backend ---
[INFO] Nothing to compile - all classes are up to date
[INFO] 
[INFO] <<< spring-boot:3.2.2:run (default-cli) < test-compile @ backend <<<
[INFO] 
[INFO] 
[INFO] --- spring-boot:3.2.2:run (default-cli) @ backend ---
[INFO] Attaching agents: []

  .   ____          _            __ _ _
 /\\ / ___'_ __ _ _(_)_ __  __ _ \ \ \ \
( ( )\___ | '_ | '_| | '_ \/ _` | \ \ \ \
 \\/  ___)| |_)| | | | | || (_| |  ) ) ) )
  '  |____| .__|_| |_|_| |_\__, | / / / /
 =========|_|==============|___/=/_/_/_/
 :: Spring Boot ::                (v3.2.2)

2026-02-06T10:48:55.484+07:00  INFO 29408 --- [ForeignLang] [  restartedMain] c.f.backend.ForeignLangApplication       : Starting ForeignLangApplication using Java 22.0.2 with PID 29408 (C:\Users\LeTran\FPT University\2026_SPRING\EXE101\ForeignLang\target\classes started by letran in C:\Users\LeTran\FPT University\2026_SPRING\EXE101\ForeignLang)
2026-02-06T10:48:55.486+07:00  INFO 29408 --- [ForeignLang] [  restartedMain] c.f.backend.ForeignLangApplication       : No active profile set, falling back to 1 default profile: "default"
2026-02-06T10:48:55.523+07:00  INFO 29408 --- [ForeignLang] [  restartedMain] .e.DevToolsPropertyDefaultsPostProcessor : Devtools property defaults active! Set 'spring.devtools.add-properties' to 'false' to disable
2026-02-06T10:48:55.523+07:00  INFO 29408 --- [ForeignLang] [  restartedMain] .e.DevToolsPropertyDefaultsPostProcessor : For additional web related logging consider setting the 'logging.level.web' property to 'DEBUG'
2026-02-06T10:48:55.553+07:00  INFO 29408 --- [ForeignLang] [  restartedMain] .s.b.d.c.l.DockerComposeLifecycleManager : Using Docker Compose file 'C:\Users\LeTran\FPT University\2026_SPRING\EXE101\ForeignLang\compose.yaml'
2026-02-06T10:48:56.300+07:00  INFO 29408 --- [ForeignLang] [  restartedMain] .s.b.d.c.l.DockerComposeLifecycleManager : There are already Docker Compose services running, skipping startup
2026-02-06T10:48:57.048+07:00  INFO 29408 --- [ForeignLang] [  restartedMain] .s.d.r.c.RepositoryConfigurationDelegate : Bootstrapping Spring Data JPA repositories in DEFAULT mode.
2026-02-06T10:48:57.126+07:00  INFO 29408 --- [ForeignLang] [  restartedMain] .s.d.r.c.RepositoryConfigurationDelegate : Finished Spring Data repository scanning in 72 ms. Found 11 JPA repository interfaces.
2026-02-06T10:48:57.608+07:00  INFO 29408 --- [ForeignLang] [  restartedMain] o.s.b.w.embedded.tomcat.TomcatWebServer  : Tomcat initialized with port 8080 (http)
2026-02-06T10:48:57.617+07:00  INFO 29408 --- [ForeignLang] [  restartedMain] o.apache.catalina.core.StandardService   : Starting service [Tomcat]
2026-02-06T10:48:57.617+07:00  INFO 29408 --- [ForeignLang] [  restartedMain] o.apache.catalina.core.StandardEngine    : Starting Servlet engine: [Apache Tomcat/10.1.18]
2026-02-06T10:48:57.666+07:00  INFO 29408 --- [ForeignLang] [  restartedMain] o.a.c.c.C.[Tomcat].[localhost].[/]       : Initializing Spring embedded WebApplicationContext
2026-02-06T10:48:57.667+07:00  INFO 29408 --- [ForeignLang] [  restartedMain] w.s.c.ServletWebServerApplicationContext : Root WebApplicationContext: initialization completed in 1359 ms
2026-02-06T10:48:57.800+07:00  INFO 29408 --- [ForeignLang] [  restartedMain] o.hibernate.jpa.internal.util.LogHelper  : HHH000204: Processing PersistenceUnitInfo [name: default]
2026-02-06T10:48:57.839+07:00  INFO 29408 --- [ForeignLang] [  restartedMain] org.hibernate.Version                    : HHH000412: Hibernate ORM core version 6.4.1.Final
2026-02-06T10:48:57.861+07:00  INFO 29408 --- [ForeignLang] [  restartedMain] o.h.c.internal.RegionFactoryInitiator    : HHH000026: Second-level cache disabled
2026-02-06T10:48:58.039+07:00  INFO 29408 --- [ForeignLang] [  restartedMain] o.s.o.j.p.SpringPersistenceUnitInfo      : No LoadTimeWeaver setup: ignoring JPA class transformer
2026-02-06T10:48:58.059+07:00  INFO 29408 --- [ForeignLang] [  restartedMain] com.zaxxer.hikari.HikariDataSource       : HikariPool-1 - Starting...
2026-02-06T10:48:58.178+07:00  INFO 29408 --- [ForeignLang] [  restartedMain] com.zaxxer.hikari.pool.HikariPool        : HikariPool-1 - Added connection org.postgresql.jdbc.PgConnection@1e09654c
2026-02-06T10:48:58.179+07:00  INFO 29408 --- [ForeignLang] [  restartedMain] com.zaxxer.hikari.HikariDataSource       : HikariPool-1 - Start completed.
2026-02-06T10:48:58.201+07:00  WARN 29408 --- [ForeignLang] [  restartedMain] org.hibernate.orm.deprecation            : HHH90000025: PostgreSQLDialect does not need to be specified explicitly using 'hibernate.dialect' (remove the property setting and it will be selected by default)
2026-02-06T10:48:59.162+07:00  INFO 29408 --- [ForeignLang] [  restartedMain] o.h.e.t.j.p.i.JtaPlatformInitiator       : HHH000489: No JTA platform available (set 'hibernate.transaction.jta.platform' to enable JTA platform integration)
Hibernate: 
    alter table if exists group_members 
       drop constraint if exists FK5oi8h89alq1pwu1y764xev5li
Hibernate: 
    alter table if exists group_members 
       drop constraint if exists FKlfq41tv96g5pjomldfkqaonym
Hibernate: 
    alter table if exists lessons 
       drop constraint if exists FKn1lqfilldva7f2y31fxf3p4p1
Hibernate: 
    alter table if exists notifications 
       drop constraint if exists FK9y21adhxn0ayjhfocscqox7bh
Hibernate: 
    alter table if exists student_groups 
       drop constraint if exists FKd5ffsviyw7x3epsi2v0e2kndk
Hibernate: 
    alter table if exists subscriptions 
       drop constraint if exists FKhro52ohfqfbay9774bev0qinr
Hibernate: 
    alter table if exists templates 
       drop constraint if exists FKaptls6au78yaa6ivsho5w2mc1
Hibernate: 
    alter table if exists topics 
       drop constraint if exists FK7xkxef4fwbjec06isf4ims4gr
Hibernate: 
    alter table if exists usage_quotas 
       drop constraint if exists FKhi9e0lq83cd5ba6brkulghraf
Hibernate: 
    alter table if exists user_submissions 
       drop constraint if exists FKt4tuq4bybtcxo6mstddy1u9bc
Hibernate: 
    alter table if exists user_submissions 
       drop constraint if exists FKf55jk9yk4b2r4ultuvax1kvbe
Hibernate: 
    alter table if exists vocabulary_bank 
       drop constraint if exists FKg6ayc8p2txs7ptl25x7udibq9
Hibernate: 
    drop table if exists group_members cascade
Hibernate: 
    drop table if exists lessons cascade
Hibernate: 
    drop table if exists notifications cascade
Hibernate: 
    drop table if exists student_groups cascade
Hibernate: 
    drop table if exists subscriptions cascade
Hibernate: 
    drop table if exists templates cascade
Hibernate: 
    drop table if exists topics cascade
Hibernate: 
    drop table if exists usage_quotas cascade
Hibernate: 
    drop table if exists user_submissions cascade
Hibernate: 
    drop table if exists users cascade
Hibernate: 
    drop table if exists vocabulary_bank cascade
Hibernate: 
    create table group_members (
        joined_at timestamp(6),
        group_id uuid not null,
        id uuid not null,
        learner_id uuid not null,
        primary key (id)
    )
Hibernate: 
    create table lessons (
        order_index integer,
        id uuid not null,
        topic_id uuid not null,
        content_body TEXT,
        title varchar(255) not null,
        primary key (id)
    )
Hibernate: 
    create table notifications (
        is_read boolean,
        created_at timestamp(6),
        id uuid not null,
        user_id uuid not null,
        action_link varchar(255),
        message varchar(255) not null,
        title varchar(255) not null,
        type varchar(255),
        primary key (id)
    )
Hibernate: 
    create table student_groups (
        created_at timestamp(6),
        id uuid not null,
        teacher_id uuid not null,
        description TEXT,
        name varchar(255) not null,
        primary key (id)
    )
Hibernate: 
    create table subscriptions (
        amount_vnd numeric(38,2),
        created_at timestamp(6),
        end_date timestamp(6) not null,
        start_date timestamp(6) not null,
        id uuid not null,
        user_id uuid not null,
        payment_reference varchar(255),
        plan_type varchar(255) not null check (plan_type in ('MONTHLY','QUARTERLY','YEARLY')),
        status varchar(255) not null check (status in ('ACTIVE','EXPIRED','CANCELLED')),
        primary key (id)
    )
Hibernate: 
    create table templates (
        id uuid not null,
        topic_id uuid,
        name varchar(255) not null,
        structure TEXT not null,
        primary key (id)
    )
Hibernate: 
    create table topics (
        approved_at timestamp(6),
        submitted_at timestamp(6),
        author_id uuid,
        id uuid not null,
        description TEXT,
        difficulty_level varchar(255) check (difficulty_level in ('BEGINNER','INTERMEDIATE','ADVANCED')),
        status varchar(255) not null check (status in ('DRAFT','PENDING_APPROVAL','APPROVED','REJECTED')),
        title varchar(255) not null,
        primary key (id)
    )
Hibernate: 
    create table usage_quotas (
        ad_uses_today integer,
        bonus_uses integer,
        daily_free_uses integer,
        free_credits integer,
        last_ad_reset date,
        last_free_reset date,
        last_reset_date date,
        last_sub_reset date,
        purchased_credits integer,
        subscription_credits integer,
        id uuid not null,
        user_id uuid not null unique,
        primary key (id)
    )
Hibernate: 
    create table user_submissions (
        created_at timestamp(6),
        id uuid not null,
        lesson_id uuid,
        user_id uuid not null,
        ai_feedback TEXT,
        input_text TEXT not null,
        primary key (id)
    )
Hibernate: 
    create table users (
        birth_date date,
        items_generated integer default 0 not null,
        profile_complete boolean not null,
        streak_days integer default 0 not null,
        created_at timestamp(6),
        updated_at timestamp(6),
        id uuid not null,
        auth_provider varchar(255) not null check (auth_provider in ('LOCAL','GOOGLE','BOTH')),
        avatar_url varchar(255),
        email varchar(255) not null unique,
        full_name varchar(255),
        google_id varchar(255) unique,
        password_hash varchar(255),
        proficiency_level varchar(255) check (proficiency_level in ('BEGINNER','INTERMEDIATE','ADVANCED')),
        role varchar(255) not null check (role in ('GUEST','LEARNER','TEACHER','ADMIN')),
        subscription_tier varchar(255) not null check (subscription_tier in ('FREE','PREMIUM')),
        username varchar(255) unique,
        primary key (id)
    )
Hibernate: 
    create table vocabulary_bank (
        created_at timestamp(6),
        id uuid not null,
        topic_id uuid not null,
        definition TEXT not null,
        example_sentence TEXT,
        part_of_speech varchar(255) check (part_of_speech in ('NOUN','VERB','ADJECTIVE','ADVERB','PREPOSITION','CONJUNCTION','PHRASE')),
        pronunciation varchar(255),
        term varchar(255) not null,
        primary key (id)
    )
Hibernate: 
    alter table if exists group_members 
       add constraint FK5oi8h89alq1pwu1y764xev5li 
       foreign key (group_id) 
       references student_groups
Hibernate: 
    alter table if exists group_members 
       add constraint FKlfq41tv96g5pjomldfkqaonym 
       foreign key (learner_id) 
       references users
Hibernate: 
    alter table if exists lessons 
       add constraint FKn1lqfilldva7f2y31fxf3p4p1 
       foreign key (topic_id) 
       references topics
Hibernate: 
    alter table if exists notifications 
       add constraint FK9y21adhxn0ayjhfocscqox7bh 
       foreign key (user_id) 
       references users
Hibernate: 
    alter table if exists student_groups 
       add constraint FKd5ffsviyw7x3epsi2v0e2kndk 
       foreign key (teacher_id) 
       references users
Hibernate: 
    alter table if exists subscriptions 
       add constraint FKhro52ohfqfbay9774bev0qinr 
       foreign key (user_id) 
       references users
Hibernate: 
    alter table if exists templates 
       add constraint FKaptls6au78yaa6ivsho5w2mc1 
       foreign key (topic_id) 
       references topics
Hibernate: 
    alter table if exists topics 
       add constraint FK7xkxef4fwbjec06isf4ims4gr 
       foreign key (author_id) 
       references users
Hibernate: 
    alter table if exists usage_quotas 
       add constraint FKhi9e0lq83cd5ba6brkulghraf 
       foreign key (user_id) 
       references users
Hibernate: 
    alter table if exists user_submissions 
       add constraint FKt4tuq4bybtcxo6mstddy1u9bc 
       foreign key (lesson_id) 
       references lessons
Hibernate: 
    alter table if exists user_submissions 
       add constraint FKf55jk9yk4b2r4ultuvax1kvbe 
       foreign key (user_id) 
       references users
Hibernate: 
    alter table if exists vocabulary_bank 
       add constraint FKg6ayc8p2txs7ptl25x7udibq9 
       foreign key (topic_id) 
       references topics
2026-02-06T10:48:59.434+07:00  INFO 29408 --- [ForeignLang] [  restartedMain] j.LocalContainerEntityManagerFactoryBean : Initialized JPA EntityManagerFactory for persistence unit 'default'
2026-02-06T10:48:59.858+07:00  INFO 29408 --- [ForeignLang] [  restartedMain] o.s.d.j.r.query.QueryEnhancerFactory     : Hibernate is in classpath; If applicable, HQL parser will be used.
2026-02-06T10:49:00.335+07:00  WARN 29408 --- [ForeignLang] [  restartedMain] JpaBaseConfiguration$JpaWebConfiguration : spring.jpa.open-in-view is enabled by default. Therefore, database queries may be performed during view rendering. Explicitly configure spring.jpa.open-in-view to disable this warning
2026-02-06T10:49:00.548+07:00  INFO 29408 --- [ForeignLang] [  restartedMain] o.s.s.web.DefaultSecurityFilterChain     : Will secure any request with [org.springframework.security.web.session.DisableEncodeUrlFilter@6fc7c9f5, org.springframework.security.web.context.request.async.WebAsyncManagerIntegrationFilter@59f11135, org.springframework.security.web.context.SecurityContextHolderFilter@3b646506, org.springframework.security.web.header.HeaderWriterFilter@49a2a87f, org.springframework.web.filter.CorsFilter@1fe8d0c6, org.springframework.security.web.authentication.logout.LogoutFilter@7aeb624c, org.springframework.security.oauth2.client.web.OAuth2AuthorizationRequestRedirectFilter@48819ac1, org.springframework.security.oauth2.client.web.OAuth2LoginAuthenticationFilter@6cf55558, org.springframework.security.web.savedrequest.RequestCacheAwareFilter@3d6d7b6d, org.springframework.security.web.servletapi.SecurityContextHolderAwareRequestFilter@4f05282a, org.springframework.security.web.authentication.AnonymousAuthenticationFilter@7d932b12, org.springframework.security.web.access.ExceptionTranslationFilter@768e3399, org.springframework.security.web.access.intercept.AuthorizationFilter@2baa636c]
2026-02-06T10:49:00.752+07:00  WARN 29408 --- [ForeignLang] [  restartedMain] ConfigServletWebServerApplicationContext : Exception encountered during context initialization - cancelling refresh attempt: org.springframework.beans.factory.BeanCreationException: Error creating bean with name 'dataSourceScriptDatabaseInitializer' defined in class path resource [org/springframework/boot/autoconfigure/sql/init/DataSourceInitializationConfiguration.class]: Failed to execute SQL script statement #1 of file [C:\Users\LeTran\FPT University\2026_SPRING\EXE101\ForeignLang\target\classes\data.sql]: INSERT INTO topics (id, title, description, difficulty_level) VALUES ('11111111-1111-1111-1111-111111111111', 'Business Email Writing', 'Learn how to write professional emails for job applications and daily work.', 'BEGINNER'), ('22222222-2222-2222-2222-222222222222', 'Effective Presentations', 'Master the art of public speaking and slide design.', 'INTERMEDIATE'), ('33333333-3333-3333-3333-333333333333', 'Negotiation Skills', 'Advanced vocabulary and tactics for business deals.', 'ADVANCED') ON CONFLICT (id) DO NOTHING
2026-02-06T10:49:00.753+07:00  INFO 29408 --- [ForeignLang] [  restartedMain] j.LocalContainerEntityManagerFactoryBean : Closing JPA EntityManagerFactory for persistence unit 'default'
2026-02-06T10:49:00.756+07:00  INFO 29408 --- [ForeignLang] [  restartedMain] com.zaxxer.hikari.HikariDataSource       : HikariPool-1 - Shutdown initiated...
2026-02-06T10:49:00.759+07:00  INFO 29408 --- [ForeignLang] [  restartedMain] com.zaxxer.hikari.HikariDataSource       : HikariPool-1 - Shutdown completed.
2026-02-06T10:49:00.762+07:00  INFO 29408 --- [ForeignLang] [  restartedMain] o.apache.catalina.core.StandardService   : Stopping service [Tomcat]
2026-02-06T10:49:00.776+07:00  INFO 29408 --- [ForeignLang] [  restartedMain] .s.b.a.l.ConditionEvaluationReportLogger : 

Error starting ApplicationContext. To display the condition evaluation report re-run your application with 'debug' enabled.
2026-02-06T10:49:00.790+07:00 ERROR 29408 --- [ForeignLang] [  restartedMain] o.s.boot.SpringApplication               : Application run failed

org.springframework.beans.factory.BeanCreationException: Error creating bean with name 'dataSourceScriptDatabaseInitializer' defined in class path resource [org/springframework/boot/autoconfigure/sql/init/DataSourceInitializationConfiguration.class]: Failed to execute SQL script statement #1 of file [C:\Users\LeTran\FPT University\2026_SPRING\EXE101\ForeignLang\target\classes\data.sql]: INSERT INTO topics (id, title, description, difficulty_level) VALUES ('11111111-1111-1111-1111-111111111111', 'Business Email Writing', 'Learn how to write professional emails for job applications and daily work.', 'BEGINNER'), ('22222222-2222-2222-2222-222222222222', 'Effective Presentations', 'Master the art of public speaking and slide design.', 'INTERMEDIATE'), ('33333333-3333-3333-3333-333333333333', 'Negotiation Skills', 'Advanced vocabulary and tactics for business deals.', 'ADVANCED') ON CONFLICT (id) DO NOTHING
	at org.springframework.beans.factory.support.AbstractAutowireCapableBeanFactory.initializeBean(AbstractAutowireCapableBeanFactory.java:1773) ~[spring-beans-6.1.3.jar:6.1.3]
	at org.springframework.beans.factory.support.AbstractAutowireCapableBeanFactory.doCreateBean(AbstractAutowireCapableBeanFactory.java:599) ~[spring-beans-6.1.3.jar:6.1.3]
	at org.springframework.beans.factory.support.AbstractAutowireCapableBeanFactory.createBean(AbstractAutowireCapableBeanFactory.java:521) ~[spring-beans-6.1.3.jar:6.1.3]
	at org.springframework.beans.factory.support.AbstractBeanFactory.lambda$doGetBean$0(AbstractBeanFactory.java:325) ~[spring-beans-6.1.3.jar:6.1.3]
	at org.springframework.beans.factory.support.DefaultSingletonBeanRegistry.getSingleton(DefaultSingletonBeanRegistry.java:234) ~[spring-beans-6.1.3.jar:6.1.3]
	at org.springframework.beans.factory.support.AbstractBeanFactory.doGetBean(AbstractBeanFactory.java:323) ~[spring-beans-6.1.3.jar:6.1.3]
	at org.springframework.beans.factory.support.AbstractBeanFactory.getBean(AbstractBeanFactory.java:199) ~[spring-beans-6.1.3.jar:6.1.3]
	at org.springframework.beans.factory.support.AbstractBeanFactory.doGetBean(AbstractBeanFactory.java:312) ~[spring-beans-6.1.3.jar:6.1.3]
	at org.springframework.beans.factory.support.AbstractBeanFactory.getBean(AbstractBeanFactory.java:199) ~[spring-beans-6.1.3.jar:6.1.3]
	at org.springframework.beans.factory.support.DefaultListableBeanFactory.preInstantiateSingletons(DefaultListableBeanFactory.java:975) ~[spring-beans-6.1.3.jar:6.1.3]
	at org.springframework.context.support.AbstractApplicationContext.finishBeanFactoryInitialization(AbstractApplicationContext.java:959) ~[spring-context-6.1.3.jar:6.1.3]
	at org.springframework.context.support.AbstractApplicationContext.refresh(AbstractApplicationContext.java:624) ~[spring-context-6.1.3.jar:6.1.3]
	at org.springframework.boot.web.servlet.context.ServletWebServerApplicationContext.refresh(ServletWebServerApplicationContext.java:146) ~[spring-boot-3.2.2.jar:3.2.2]
	at org.springframework.boot.SpringApplication.refresh(SpringApplication.java:754) ~[spring-boot-3.2.2.jar:3.2.2]
	at org.springframework.boot.SpringApplication.refreshContext(SpringApplication.java:456) ~[spring-boot-3.2.2.jar:3.2.2]
	at org.springframework.boot.SpringApplication.run(SpringApplication.java:334) ~[spring-boot-3.2.2.jar:3.2.2]
	at org.springframework.boot.SpringApplication.run(SpringApplication.java:1354) ~[spring-boot-3.2.2.jar:3.2.2]
	at org.springframework.boot.SpringApplication.run(SpringApplication.java:1343) ~[spring-boot-3.2.2.jar:3.2.2]
	at com.foreignlang.backend.ForeignLangApplication.main(ForeignLangApplication.java:10) ~[classes/:na]
	at java.base/jdk.internal.reflect.DirectMethodHandleAccessor.invoke(DirectMethodHandleAccessor.java:103) ~[na:na]
	at java.base/java.lang.reflect.Method.invoke(Method.java:580) ~[na:na]
	at org.springframework.boot.devtools.restart.RestartLauncher.run(RestartLauncher.java:50) ~[spring-boot-devtools-3.2.2.jar:3.2.2]
Caused by: org.springframework.jdbc.datasource.init.ScriptStatementFailedException: Failed to execute SQL script statement #1 of file [C:\Users\LeTran\FPT University\2026_SPRING\EXE101\ForeignLang\target\classes\data.sql]: INSERT INTO topics (id, title, description, difficulty_level) VALUES ('11111111-1111-1111-1111-111111111111', 'Business Email Writing', 'Learn how to write professional emails for job applications and daily work.', 'BEGINNER'), ('22222222-2222-2222-2222-222222222222', 'Effective Presentations', 'Master the art of public speaking and slide design.', 'INTERMEDIATE'), ('33333333-3333-3333-3333-333333333333', 'Negotiation Skills', 'Advanced vocabulary and tactics for business deals.', 'ADVANCED') ON CONFLICT (id) DO NOTHING
	at org.springframework.jdbc.datasource.init.ScriptUtils.executeSqlScript(ScriptUtils.java:282) ~[spring-jdbc-6.1.3.jar:6.1.3]
	at org.springframework.jdbc.datasource.init.ResourceDatabasePopulator.populate(ResourceDatabasePopulator.java:254) ~[spring-jdbc-6.1.3.jar:6.1.3]
	at org.springframework.jdbc.datasource.init.DatabasePopulatorUtils.execute(DatabasePopulatorUtils.java:54) ~[spring-jdbc-6.1.3.jar:6.1.3]
	at org.springframework.boot.jdbc.init.DataSourceScriptDatabaseInitializer.runScripts(DataSourceScriptDatabaseInitializer.java:87) ~[spring-boot-3.2.2.jar:3.2.2]
	at org.springframework.boot.sql.init.AbstractScriptDatabaseInitializer.runScripts(AbstractScriptDatabaseInitializer.java:146) ~[spring-boot-3.2.2.jar:3.2.2]
	at org.springframework.boot.sql.init.AbstractScriptDatabaseInitializer.applyScripts(AbstractScriptDatabaseInitializer.java:108) ~[spring-boot-3.2.2.jar:3.2.2]
	at org.springframework.boot.sql.init.AbstractScriptDatabaseInitializer.applyDataScripts(AbstractScriptDatabaseInitializer.java:102) ~[spring-boot-3.2.2.jar:3.2.2]
	at org.springframework.boot.sql.init.AbstractScriptDatabaseInitializer.initializeDatabase(AbstractScriptDatabaseInitializer.java:77) ~[spring-boot-3.2.2.jar:3.2.2]
	at org.springframework.boot.sql.init.AbstractScriptDatabaseInitializer.afterPropertiesSet(AbstractScriptDatabaseInitializer.java:66) ~[spring-boot-3.2.2.jar:3.2.2]
	at org.springframework.beans.factory.support.AbstractAutowireCapableBeanFactory.invokeInitMethods(AbstractAutowireCapableBeanFactory.java:1820) ~[spring-beans-6.1.3.jar:6.1.3]
	at org.springframework.beans.factory.support.AbstractAutowireCapableBeanFactory.initializeBean(AbstractAutowireCapableBeanFactory.java:1769) ~[spring-beans-6.1.3.jar:6.1.3]
	... 21 common frames omitted
Caused by: org.postgresql.util.PSQLException: ERROR: null value in column "status" of relation "topics" violates not-null constraint
  Detail: Failing row contains (null, null, null, 11111111-1111-1111-1111-111111111111, Learn how to write professional emails for job applications and ..., BEGINNER, null, Business Email Writing).
	at org.postgresql.core.v3.QueryExecutorImpl.receiveErrorResponse(QueryExecutorImpl.java:2713) ~[postgresql-42.6.0.jar:42.6.0]
	at org.postgresql.core.v3.QueryExecutorImpl.processResults(QueryExecutorImpl.java:2401) ~[postgresql-42.6.0.jar:42.6.0]
	at org.postgresql.core.v3.QueryExecutorImpl.execute(QueryExecutorImpl.java:368) ~[postgresql-42.6.0.jar:42.6.0]
	at org.postgresql.jdbc.PgStatement.executeInternal(PgStatement.java:498) ~[postgresql-42.6.0.jar:42.6.0]
	at org.postgresql.jdbc.PgStatement.execute(PgStatement.java:415) ~[postgresql-42.6.0.jar:42.6.0]
	at org.postgresql.jdbc.PgStatement.executeWithFlags(PgStatement.java:335) ~[postgresql-42.6.0.jar:42.6.0]
	at org.postgresql.jdbc.PgStatement.executeCachedSql(PgStatement.java:321) ~[postgresql-42.6.0.jar:42.6.0]
	at org.postgresql.jdbc.PgStatement.executeWithFlags(PgStatement.java:297) ~[postgresql-42.6.0.jar:42.6.0]
	at org.postgresql.jdbc.PgStatement.execute(PgStatement.java:292) ~[postgresql-42.6.0.jar:42.6.0]
	at com.zaxxer.hikari.pool.ProxyStatement.execute(ProxyStatement.java:94) ~[HikariCP-5.0.1.jar:na]
	at com.zaxxer.hikari.pool.HikariProxyStatement.execute(HikariProxyStatement.java) ~[HikariCP-5.0.1.jar:na]
	at org.springframework.jdbc.datasource.init.ScriptUtils.executeSqlScript(ScriptUtils.java:261) ~[spring-jdbc-6.1.3.jar:6.1.3]
	... 31 common frames omitted

[INFO] ------------------------------------------------------------------------
[INFO] BUILD SUCCESS
[INFO] ------------------------------------------------------------------------
[INFO] Total time:  7.857 s
[INFO] Finished at: 2026-02-06T10:49:00+07:00
[INFO] ------------------------------------------------------------------------
